0	18:17:33.739	Compiling 'MACD Sample'
0	18:17:33.739	Compiling 'Moving Average'
0	18:17:36.119	Compiling 'Accelerator'
0	18:17:36.119	Compiling 'Accumulation'
0	18:17:36.119	Compiling 'Alligator'
0	18:17:36.119	Compiling 'ATR'
0	18:17:36.119	Compiling 'Awesome'
0	18:17:36.119	Compiling 'Bands'
0	18:17:36.119	Compiling 'Bears'
0	18:17:36.119	Compiling 'Bulls'
0	18:17:36.119	Compiling 'CCI'
0	18:17:36.119	Compiling 'Custom Moving Averages'
0	18:17:36.119	Compiling 'Heiken Ashi'
0	18:17:36.119	Compiling 'Ichimoku'
0	18:17:36.120	Compiling 'iExposure'
0	18:17:36.120	Compiling 'MACD'
0	18:17:36.120	Compiling 'Momentum'
0	18:17:36.120	Compiling 'OsMA'
0	18:17:36.120	Compiling 'Parabolic'
0	18:17:36.120	Compiling 'RSI'
0	18:17:36.120	Compiling 'Stochastic'
0	18:17:36.120	Compiling 'ZigZag'
0	18:17:36.120	Compiling 'SimplePanel'
0	18:17:42.775	Compiling 'PeriodConverter'
0	18:17:42.776	Compiling 'DLLSampleTester'
0	18:17:42.776	Compiling 'PipeClient'
0	18:17:42.777	Compiling 'PipeClientPure'
0	18:17:45.575	Compiling 'stdlib'
0	18:30:38.518	Compiling 'MACD Sample'
0	18:30:38.518	Compiling 'Moving Average'
0	18:30:40.894	Compiling 'Accelerator'
0	18:30:40.894	Compiling 'Accumulation'
0	18:30:40.895	Compiling 'Alligator'
0	18:30:40.895	Compiling 'ATR'
0	18:30:40.895	Compiling 'Awesome'
0	18:30:40.895	Compiling 'Bands'
0	18:30:40.895	Compiling 'Bears'
0	18:30:40.895	Compiling 'Bulls'
0	18:30:40.895	Compiling 'CCI'
0	18:30:40.895	Compiling 'Custom Moving Averages'
0	18:30:40.895	Compiling 'Heiken Ashi'
0	18:30:40.895	Compiling 'Ichimoku'
0	18:30:40.895	Compiling 'iExposure'
0	18:30:40.896	Compiling 'MACD'
0	18:30:40.896	Compiling 'Momentum'
0	18:30:40.896	Compiling 'OsMA'
0	18:30:40.896	Compiling 'Parabolic'
0	18:30:40.896	Compiling 'RSI'
0	18:30:40.896	Compiling 'Stochastic'
0	18:30:40.896	Compiling 'ZigZag'
0	18:30:40.896	Compiling 'SimplePanel'
0	18:30:47.269	Compiling 'PeriodConverter'
0	18:30:47.269	Compiling 'DLLSampleTester'
0	18:30:47.270	Compiling 'PipeClient'
0	18:30:47.270	Compiling 'PipeClientPure'
0	18:30:49.873	Compiling 'stdlib'
0	18:35:45.821	Compiling 'MACD Sample'
0	18:35:45.821	Compiling 'Moving Average'
0	18:35:48.350	Compiling 'Accelerator'
0	18:35:48.350	Compiling 'Accumulation'
0	18:35:48.350	Compiling 'Alligator'
0	18:35:48.350	Compiling 'ATR'
0	18:35:48.350	Compiling 'Awesome'
0	18:35:48.351	Compiling 'Bands'
0	18:35:48.351	Compiling 'Bears'
0	18:35:48.351	Compiling 'Bulls'
0	18:35:48.351	Compiling 'CCI'
0	18:35:48.351	Compiling 'Custom Moving Averages'
0	18:35:48.351	Compiling 'Heiken Ashi'
0	18:35:48.351	Compiling 'Ichimoku'
0	18:35:48.351	Compiling 'iExposure'
0	18:35:48.351	Compiling 'MACD'
0	18:35:48.351	Compiling 'Momentum'
0	18:35:48.352	Compiling 'OsMA'
0	18:35:48.352	Compiling 'Parabolic'
0	18:35:48.352	Compiling 'RSI'
0	18:35:48.352	Compiling 'Stochastic'
0	18:35:48.352	Compiling 'ZigZag'
0	18:35:48.353	Compiling 'SimplePanel'
0	18:35:55.636	Compiling 'PeriodConverter'
0	18:35:55.636	Compiling 'DLLSampleTester'
0	18:35:55.637	Compiling 'PipeClient'
0	18:35:55.637	Compiling 'PipeClientPure'
0	18:35:58.484	Compiling 'stdlib'
